<?xml version="1.0" encoding="UTF-8"?>
<!-- Generated by org.testng.reporters.JUnitXMLReporter -->
<testsuite ignored="0" hostname="DESKTOP-HPIDB9I" failures="4" tests="16" name="Surefire test" time="238.119" errors="0" timestamp="2022-08-10T15:15:52 MSK">
  <testcase classname="com.it_academy.ui_tests.testNg.OnlinerCatalogPageTest" name="testAssertThatAllItemsMinPriceVisible" time="47.675"/>
  <testcase classname="com.it_academy.ui_tests.testNg.OnlinerCatalogPageTest" name="testAssertThatAllItemsQuantityVisible" time="59.679"/>
  <testcase classname="com.it_academy.ui_tests.testNg.OnlinerCatalogPageTest" name="testAssertThatAllItemsTitlesVisible" time="43.344"/>
  <testcase classname="com.it_academy.ui_tests.testNg.OnlinerCatalogPageTest" name="testIsItemFromHorizontalListVisible" time="2.995"/>
  <testcase classname="com.it_academy.ui_tests.testNg.OnlinerCatalogPageTest" name="testIsItemFromHorizontalListVisible" time="3.087"/>
  <testcase classname="com.it_academy.ui_tests.testNg.OnlinerCatalogPageTest" name="testIsItemFromHorizontalListVisible" time="3.186"/>
  <testcase classname="com.it_academy.ui_tests.testNg.OnlinerCatalogPageTest" name="testIsItemFromHorizontalListVisible" time="4.083"/>
  <testcase classname="com.it_academy.ui_tests.testNg.OnlinerCatalogPageTest" name="testIsItemFromHorizontalListVisible" time="4.174"/>
  <testcase classname="com.it_academy.ui_tests.testNg.OnlinerCatalogPageTest" name="testIsItemFromHorizontalListVisible" time="4.958"/>
  <testcase classname="com.it_academy.ui_tests.testNg.OnlinerCatalogPageTest" name="testIsItemFromHorizontalListVisible" time="4.766"/>
  <testcase classname="com.it_academy.ui_tests.testNg.OnlinerCatalogPageTest" name="testIsItemFromHorizontalListVisible" time="4.991"/>
  <testcase classname="com.it_academy.ui_tests.testNg.OnlinerCatalogPageTest" name="testIsItemFromHorizontalListVisible" time="5.488"/>
  <testcase classname="com.it_academy.ui_tests.testNg.OnlinerCatalogPageTest" name="testIsItemFromVerticalListVisible" time="10.667">
    <failure type="com.codeborne.selenide.ex.ElementNotFound" message="Element not found {$$(22 elements).findBy(text &amp;apos;fhhjmm&amp;apos;)}
Expected: visible or transparent: visible or have css value opacity=0
Screenshot: file:/C:/Users/Final_AQA_Progect/build/reports/tests/1660133716538.0.png
Page source: file:/C:/Users/Final_AQA_Progect/build/reports/tests/1660133716538.0.html
Timeout: 4 s.
Caused by: Element not found {$$(22 elements).findBy(text &amp;apos;fhhjmm&amp;apos;)}
Expected: text &amp;apos;fhhjmm&amp;apos;
Timeout: 0 ms.">
      <![CDATA[Element not found {$$(22 elements).findBy(text 'fhhjmm')}
Expected: visible or transparent: visible or have css value opacity=0
Screenshot: file:/C:/Users/Final_AQA_Progect/build/reports/tests/1660133716538.0.png
Page source: file:/C:/Users/Final_AQA_Progect/build/reports/tests/1660133716538.0.html
Timeout: 4 s.
Caused by: Element not found {$$(22 elements).findBy(text 'fhhjmm')}
Expected: text 'fhhjmm'
Timeout: 0 ms.
at com.codeborne.selenide.impl.WebElementSource.createElementNotFoundError(WebElementSource.java:83)
at com.codeborne.selenide.impl.WebElementSource.checkCondition(WebElementSource.java:114)
at com.codeborne.selenide.impl.WebElementSource.findAndAssertElementIsInteractable(WebElementSource.java:139)
at com.codeborne.selenide.commands.Click.execute(Click.java:24)
at com.codeborne.selenide.commands.Click.execute(Click.java:16)
at com.codeborne.selenide.commands.Commands.execute(Commands.java:155)
at com.codeborne.selenide.impl.SelenideElementProxy.dispatchAndRetry(SelenideElementProxy.java:133)
at com.codeborne.selenide.impl.SelenideElementProxy.invoke(SelenideElementProxy.java:85)
at com.sun.proxy.$Proxy16.click(Unknown Source)
at com.it_academy.ui_tests.OnlinerCatalogPage.crossToCategoryFromCatalog(OnlinerCatalogPage.java:25)
at com.it_academy.ui_tests.testNg.OnlinerCatalogPageTest.testIsItemFromVerticalListVisible(OnlinerCatalogPageTest.java:38)
at java.base/java.util.ArrayList.forEach(ArrayList.java:1541)
Caused by: Element not found {$$(22 elements).findBy(text 'fhhjmm')}
Expected: text 'fhhjmm'
Timeout: 0 ms.
at com.codeborne.selenide.impl.CollectionElementByCondition.getWebElement(CollectionElementByCondition.java:53)
at com.codeborne.selenide.impl.WebElementSource.checkCondition(WebElementSource.java:99)
... 42 more
... Removed 32 stack frames]]>
    </failure>
  </testcase> <!-- testIsItemFromVerticalListVisible -->
  <testcase classname="com.it_academy.ui_tests.testNg.OnlinerCatalogPageTest" name="testIsItemFromVerticalListVisible" time="11.249">
    <failure type="com.codeborne.selenide.ex.ElementNotFound" message="Element not found {$$(22 elements).findBy(text &amp;apos;fhhjmm&amp;apos;)}
Expected: visible or transparent: visible or have css value opacity=0
Screenshot: file:/C:/Users/Final_AQA_Progect/build/reports/tests/1660133728311.1.png
Page source: file:/C:/Users/Final_AQA_Progect/build/reports/tests/1660133728311.1.html
Timeout: 4 s.
Caused by: Element not found {$$(22 elements).findBy(text &amp;apos;fhhjmm&amp;apos;)}
Expected: text &amp;apos;fhhjmm&amp;apos;
Timeout: 0 ms.">
      <![CDATA[Element not found {$$(22 elements).findBy(text 'fhhjmm')}
Expected: visible or transparent: visible or have css value opacity=0
Screenshot: file:/C:/Users/Final_AQA_Progect/build/reports/tests/1660133728311.1.png
Page source: file:/C:/Users/Final_AQA_Progect/build/reports/tests/1660133728311.1.html
Timeout: 4 s.
Caused by: Element not found {$$(22 elements).findBy(text 'fhhjmm')}
Expected: text 'fhhjmm'
Timeout: 0 ms.
at com.codeborne.selenide.impl.WebElementSource.createElementNotFoundError(WebElementSource.java:83)
at com.codeborne.selenide.impl.WebElementSource.checkCondition(WebElementSource.java:114)
at com.codeborne.selenide.impl.WebElementSource.findAndAssertElementIsInteractable(WebElementSource.java:139)
at com.codeborne.selenide.commands.Click.execute(Click.java:24)
at com.codeborne.selenide.commands.Click.execute(Click.java:16)
at com.codeborne.selenide.commands.Commands.execute(Commands.java:155)
at com.codeborne.selenide.impl.SelenideElementProxy.dispatchAndRetry(SelenideElementProxy.java:133)
at com.codeborne.selenide.impl.SelenideElementProxy.invoke(SelenideElementProxy.java:85)
at com.sun.proxy.$Proxy16.click(Unknown Source)
at com.it_academy.ui_tests.OnlinerCatalogPage.crossToCategoryFromCatalog(OnlinerCatalogPage.java:25)
at com.it_academy.ui_tests.testNg.OnlinerCatalogPageTest.testIsItemFromVerticalListVisible(OnlinerCatalogPageTest.java:38)
at java.base/java.util.ArrayList.forEach(ArrayList.java:1541)
Caused by: Element not found {$$(22 elements).findBy(text 'fhhjmm')}
Expected: text 'fhhjmm'
Timeout: 0 ms.
at com.codeborne.selenide.impl.CollectionElementByCondition.getWebElement(CollectionElementByCondition.java:53)
at com.codeborne.selenide.impl.WebElementSource.checkCondition(WebElementSource.java:99)
... 42 more
... Removed 32 stack frames]]>
    </failure>
  </testcase> <!-- testIsItemFromVerticalListVisible -->
  <testcase classname="com.it_academy.ui_tests.testNg.OnlinerCatalogPageTest" name="testIsItemFromVerticalListVisible" time="10.698">
    <failure type="com.codeborne.selenide.ex.ElementNotFound" message="Element not found {$$(22 elements).findBy(text &amp;apos;fhhjmm&amp;apos;)}
Expected: visible or transparent: visible or have css value opacity=0
Screenshot: file:/C:/Users/Final_AQA_Progect/build/reports/tests/1660133739371.2.png
Page source: file:/C:/Users/Final_AQA_Progect/build/reports/tests/1660133739371.2.html
Timeout: 4 s.
Caused by: Element not found {$$(22 elements).findBy(text &amp;apos;fhhjmm&amp;apos;)}
Expected: text &amp;apos;fhhjmm&amp;apos;
Timeout: 0 ms.">
      <![CDATA[Element not found {$$(22 elements).findBy(text 'fhhjmm')}
Expected: visible or transparent: visible or have css value opacity=0
Screenshot: file:/C:/Users/Final_AQA_Progect/build/reports/tests/1660133739371.2.png
Page source: file:/C:/Users/Final_AQA_Progect/build/reports/tests/1660133739371.2.html
Timeout: 4 s.
Caused by: Element not found {$$(22 elements).findBy(text 'fhhjmm')}
Expected: text 'fhhjmm'
Timeout: 0 ms.
at com.codeborne.selenide.impl.WebElementSource.createElementNotFoundError(WebElementSource.java:83)
at com.codeborne.selenide.impl.WebElementSource.checkCondition(WebElementSource.java:114)
at com.codeborne.selenide.impl.WebElementSource.findAndAssertElementIsInteractable(WebElementSource.java:139)
at com.codeborne.selenide.commands.Click.execute(Click.java:24)
at com.codeborne.selenide.commands.Click.execute(Click.java:16)
at com.codeborne.selenide.commands.Commands.execute(Commands.java:155)
at com.codeborne.selenide.impl.SelenideElementProxy.dispatchAndRetry(SelenideElementProxy.java:133)
at com.codeborne.selenide.impl.SelenideElementProxy.invoke(SelenideElementProxy.java:85)
at com.sun.proxy.$Proxy16.click(Unknown Source)
at com.it_academy.ui_tests.OnlinerCatalogPage.crossToCategoryFromCatalog(OnlinerCatalogPage.java:25)
at com.it_academy.ui_tests.testNg.OnlinerCatalogPageTest.testIsItemFromVerticalListVisible(OnlinerCatalogPageTest.java:38)
at java.base/java.util.ArrayList.forEach(ArrayList.java:1541)
Caused by: Element not found {$$(22 elements).findBy(text 'fhhjmm')}
Expected: text 'fhhjmm'
Timeout: 0 ms.
at com.codeborne.selenide.impl.CollectionElementByCondition.getWebElement(CollectionElementByCondition.java:53)
at com.codeborne.selenide.impl.WebElementSource.checkCondition(WebElementSource.java:99)
... 42 more
... Removed 32 stack frames]]>
    </failure>
  </testcase> <!-- testIsItemFromVerticalListVisible -->
  <testcase classname="com.it_academy.ui_tests.testNg.OnlinerCatalogPageTest" name="testIsItemFromVerticalListVisible" time="10.837">
    <failure type="com.codeborne.selenide.ex.ElementNotFound" message="Element not found {$$(22 elements).findBy(text &amp;apos;fhhjmm&amp;apos;)}
Expected: visible or transparent: visible or have css value opacity=0
Screenshot: file:/C:/Users/Final_AQA_Progect/build/reports/tests/1660133750625.3.png
Page source: file:/C:/Users/Final_AQA_Progect/build/reports/tests/1660133750625.3.html
Timeout: 4 s.
Caused by: Element not found {$$(22 elements).findBy(text &amp;apos;fhhjmm&amp;apos;)}
Expected: text &amp;apos;fhhjmm&amp;apos;
Timeout: 0 ms.">
      <![CDATA[Element not found {$$(22 elements).findBy(text 'fhhjmm')}
Expected: visible or transparent: visible or have css value opacity=0
Screenshot: file:/C:/Users/Final_AQA_Progect/build/reports/tests/1660133750625.3.png
Page source: file:/C:/Users/Final_AQA_Progect/build/reports/tests/1660133750625.3.html
Timeout: 4 s.
Caused by: Element not found {$$(22 elements).findBy(text 'fhhjmm')}
Expected: text 'fhhjmm'
Timeout: 0 ms.
at com.codeborne.selenide.impl.WebElementSource.createElementNotFoundError(WebElementSource.java:83)
at com.codeborne.selenide.impl.WebElementSource.checkCondition(WebElementSource.java:114)
at com.codeborne.selenide.impl.WebElementSource.findAndAssertElementIsInteractable(WebElementSource.java:139)
at com.codeborne.selenide.commands.Click.execute(Click.java:24)
at com.codeborne.selenide.commands.Click.execute(Click.java:16)
at com.codeborne.selenide.commands.Commands.execute(Commands.java:155)
at com.codeborne.selenide.impl.SelenideElementProxy.dispatchAndRetry(SelenideElementProxy.java:133)
at com.codeborne.selenide.impl.SelenideElementProxy.invoke(SelenideElementProxy.java:85)
at com.sun.proxy.$Proxy16.click(Unknown Source)
at com.it_academy.ui_tests.OnlinerCatalogPage.crossToCategoryFromCatalog(OnlinerCatalogPage.java:25)
at com.it_academy.ui_tests.testNg.OnlinerCatalogPageTest.testIsItemFromVerticalListVisible(OnlinerCatalogPageTest.java:38)
at java.base/java.util.ArrayList.forEach(ArrayList.java:1541)
Caused by: Element not found {$$(22 elements).findBy(text 'fhhjmm')}
Expected: text 'fhhjmm'
Timeout: 0 ms.
at com.codeborne.selenide.impl.CollectionElementByCondition.getWebElement(CollectionElementByCondition.java:53)
at com.codeborne.selenide.impl.WebElementSource.checkCondition(WebElementSource.java:99)
... 42 more
... Removed 32 stack frames]]>
    </failure>
  </testcase> <!-- testIsItemFromVerticalListVisible -->
</testsuite> <!-- Surefire test -->
