{"uuid":"0732321d-66e1-4b28-8249-e36eb79030b0","historyId":"6c58e1d0ab7c18fb7023f3e0d9b9f70f","fullName":"com.it_academy.page_object.testNg.OnlinerCatalogPageTest.testAssertThatAllItemsMinPriceVisible","labels":[{"name":"package","value":"com.it_academy.page_object.testNg.OnlinerCatalogPageTest"},{"name":"testClass","value":"com.it_academy.page_object.testNg.OnlinerCatalogPageTest"},{"name":"testMethod","value":"testAssertThatAllItemsMinPriceVisible"},{"name":"parentSuite","value":"Parallel Testing Suite"},{"name":"suite","value":"Parallel Tests firefox"},{"name":"subSuite","value":"com.it_academy.page_object.testNg.OnlinerCatalogPageTest"},{"name":"host","value":"DESKTOP-HPIDB9I"},{"name":"thread","value":"4644@DESKTOP-HPIDB9I.TestNG-test=Parallel Tests firefox-1(26)"},{"name":"framework","value":"testng"},{"name":"language","value":"java"}],"links":[],"name":"testAssertThatAllItemsMinPriceVisible","status":"failed","statusDetails":{"known":false,"muted":false,"flaky":false,"message":"Element should be visible {$$(14 elements).findBy(attribute textContent)}\r\nElement: '<span class=\"catalog-navigation-list__dropdown-data\">Видеокарты\n1,148 товаров\nот 102,88 р.</span>'\r\nActual value: visible:true\r\nScreenshot: file:/C:/Users/Final_AQA_Progect/build/reports/tests/1660067985530.2.png\r\nPage source: file:/C:/Users/Final_AQA_Progect/build/reports/tests/1660067985530.2.html\r\nTimeout: 4 s.\r\nCaused by: WebDriverException: java.net.SocketTimeoutException: timeout\r\nScreenshot: file:/C:/Users/Final_AQA_Progect/build/reports/tests/1660067961917.1.png\r\nPage source: file:/C:/Users/Final_AQA_Progect/build/reports/tests/1660067961917.1.html\r\nTimeout: 4 s.\r\nCaused by: WebDriverException: java.net.SocketTimeoutException: timeout","trace":"Element should be visible {$$(14 elements).findBy(attribute textContent)}\r\nElement: '<span class=\"catalog-navigation-list__dropdown-data\">Видеокарты\n1,148 товаров\nот 102,88 р.</span>'\r\nActual value: visible:true\r\nScreenshot: file:/C:/Users/Final_AQA_Progect/build/reports/tests/1660067985530.2.png\r\nPage source: file:/C:/Users/Final_AQA_Progect/build/reports/tests/1660067985530.2.html\r\nTimeout: 4 s.\r\nCaused by: WebDriverException: java.net.SocketTimeoutException: timeout\r\nScreenshot: file:/C:/Users/Final_AQA_Progect/build/reports/tests/1660067961917.1.png\r\nPage source: file:/C:/Users/Final_AQA_Progect/build/reports/tests/1660067961917.1.html\r\nTimeout: 4 s.\r\nCaused by: WebDriverException: java.net.SocketTimeoutException: timeout\r\n\tat com.codeborne.selenide.impl.WebElementSource.checkCondition(WebElementSource.java:121)\r\n\tat com.codeborne.selenide.commands.Should.execute(Should.java:30)\r\n\tat com.codeborne.selenide.commands.Should.execute(Should.java:14)\r\n\tat com.codeborne.selenide.commands.Commands.execute(Commands.java:155)\r\n\tat com.codeborne.selenide.impl.SelenideElementProxy.dispatchAndRetry(SelenideElementProxy.java:133)\r\n\tat com.codeborne.selenide.impl.SelenideElementProxy.invoke(SelenideElementProxy.java:85)\r\n\tat com.sun.proxy.$Proxy28.shouldBe(Unknown Source)\r\n\tat com.it_academy.page_object.OnlinerCatalogPage.assertThatAllItemsMinPriceVisible(OnlinerCatalogPage.java:66)\r\n\tat com.it_academy.page_object.testNg.OnlinerCatalogPageTest.testAssertThatAllItemsMinPriceVisible(OnlinerCatalogPageTest.java:59)\r\n\tat java.base/jdk.internal.reflect.NativeMethodAccessorImpl.invoke0(Native Method)\r\n\tat java.base/jdk.internal.reflect.NativeMethodAccessorImpl.invoke(NativeMethodAccessorImpl.java:62)\r\n\tat java.base/jdk.internal.reflect.DelegatingMethodAccessorImpl.invoke(DelegatingMethodAccessorImpl.java:43)\r\n\tat java.base/java.lang.reflect.Method.invoke(Method.java:566)\r\n\tat org.testng.internal.MethodInvocationHelper.invokeMethod(MethodInvocationHelper.java:133)\r\n\tat org.testng.internal.TestInvoker.invokeMethod(TestInvoker.java:598)\r\n\tat org.testng.internal.TestInvoker.invokeTestMethod(TestInvoker.java:173)\r\n\tat org.testng.internal.MethodRunner.runInSequence(MethodRunner.java:46)\r\n\tat org.testng.internal.TestInvoker$MethodInvocationAgent.invoke(TestInvoker.java:824)\r\n\tat org.testng.internal.TestInvoker.invokeTestMethods(TestInvoker.java:146)\r\n\tat org.testng.internal.TestMethodWorker.invokeTestMethods(TestMethodWorker.java:146)\r\n\tat org.testng.internal.TestMethodWorker.run(TestMethodWorker.java:128)\r\n\tat java.base/java.util.concurrent.ThreadPoolExecutor.runWorker(ThreadPoolExecutor.java:1128)\r\n\tat java.base/java.util.concurrent.ThreadPoolExecutor$Worker.run(ThreadPoolExecutor.java:628)\r\n\tat java.base/java.lang.Thread.run(Thread.java:829)\r\nCaused by: WebDriverException: java.net.SocketTimeoutException: timeout\r\nScreenshot: file:/C:/Users/Final_AQA_Progect/build/reports/tests/1660067961917.1.png\r\nPage source: file:/C:/Users/Final_AQA_Progect/build/reports/tests/1660067961917.1.html\r\nTimeout: 4 s.\r\nCaused by: WebDriverException: java.net.SocketTimeoutException: timeout\r\n\tat com.codeborne.selenide.ex.UIAssertionError.wrapToUIAssertionError(UIAssertionError.java:83)\r\n\tat com.codeborne.selenide.ex.UIAssertionError.wrapThrowable(UIAssertionError.java:74)\r\n\tat com.codeborne.selenide.ex.UIAssertionError.wrap(UIAssertionError.java:68)\r\n\tat com.codeborne.selenide.impl.SelenideElementProxy.invoke(SelenideElementProxy.java:95)\r\n\tat com.sun.proxy.$Proxy28.getText(Unknown Source)\r\n\tat com.codeborne.selenide.conditions.Text.apply(Text.java:31)\r\n\tat com.codeborne.selenide.impl.CollectionElementByCondition.getWebElement(CollectionElementByCondition.java:48)\r\n\tat com.codeborne.selenide.commands.ToWebElement.execute(ToWebElement.java:19)\r\n\tat com.codeborne.selenide.commands.ToWebElement.execute(ToWebElement.java:13)\r\n\tat com.codeborne.selenide.commands.Commands.execute(Commands.java:155)\r\n\tat com.codeborne.selenide.impl.SelenideElementProxy.invoke(SelenideElementProxy.java:75)\r\n\tat com.sun.proxy.$Proxy28.toWebElement(Unknown Source)\r\n\tat com.codeborne.selenide.impl.WebElementSelector.findElement(WebElementSelector.java:58)\r\n\tat com.codeborne.selenide.impl.WebElementSelector.findElement(WebElementSelector.java:34)\r\n\tat com.codeborne.selenide.impl.BySelectorCollection.getElement(BySelectorCollection.java:51)\r\n\tat com.codeborne.selenide.impl.CollectionElement.getWebElement(CollectionElement.java:46)\r\n\tat com.codeborne.selenide.commands.IsDisplayed.execute(IsDisplayed.java:21)\r\n\tat com.codeborne.selenide.commands.IsDisplayed.execute(IsDisplayed.java:15)\r\n\tat com.codeborne.selenide.commands.Commands.execute(Commands.java:155)\r\n\tat com.codeborne.selenide.impl.SelenideElementProxy.dispatchAndRetry(SelenideElementProxy.java:133)\r\n\tat com.codeborne.selenide.impl.SelenideElementProxy.invoke(SelenideElementProxy.java:85)\r\n\tat com.sun.proxy.$Proxy28.isDisplayed(Unknown Source)\r\n\tat com.codeborne.selenide.conditions.Visible.apply(Visible.java:20)\r\n\tat com.codeborne.selenide.impl.WebElementSource.checkCondition(WebElementSource.java:100)\r\n\t... 23 more\r\nCaused by: org.openqa.selenium.WebDriverException: java.net.SocketTimeoutException: timeout\nBuild info: version: '3.141.59', revision: 'e82be7d358', time: '2018-11-14T08:17:03'\nSystem info: host: 'DESKTOP-HPIDB9I', ip: '192.168.100.5', os.name: 'Windows 10', os.arch: 'amd64', os.version: '10.0', java.version: '11.0.12'\nDriver info: driver.version: RemoteWebDriver\r\n\tat org.openqa.selenium.remote.service.DriverCommandExecutor.execute(DriverCommandExecutor.java:92)\r\n\tat org.openqa.selenium.remote.RemoteWebDriver.execute(RemoteWebDriver.java:552)\r\n\tat org.openqa.selenium.remote.RemoteWebElement.execute(RemoteWebElement.java:285)\r\n\tat org.openqa.selenium.remote.RemoteWebElement.getText(RemoteWebElement.java:166)\r\n\tat com.codeborne.selenide.commands.GetText.execute(GetText.java:32)\r\n\tat com.codeborne.selenide.commands.GetText.execute(GetText.java:13)\r\n\tat com.codeborne.selenide.commands.Commands.execute(Commands.java:155)\r\n\tat com.codeborne.selenide.impl.SelenideElementProxy.dispatchAndRetry(SelenideElementProxy.java:133)\r\n\tat com.codeborne.selenide.impl.SelenideElementProxy.invoke(SelenideElementProxy.java:85)\r\n\t... 43 more\r\nCaused by: java.net.SocketTimeoutException: timeout\r\n\tat okio.Okio$4.newTimeoutException(Okio.java:232)\r\n\tat okio.AsyncTimeout.exit(AsyncTimeout.java:275)\r\n\tat okio.AsyncTimeout$1.write(AsyncTimeout.java:186)\r\n\tat okio.RealBufferedSink.flush(RealBufferedSink.java:224)\r\n\tat okhttp3.internal.http1.Http1Codec.finishRequest(Http1Codec.java:166)\r\n\tat okhttp3.internal.http.CallServerInterceptor.intercept(CallServerInterceptor.java:84)\r\n\tat okhttp3.internal.http.RealInterceptorChain.proceed(RealInterceptorChain.java:147)\r\n\tat okhttp3.internal.http.RealInterceptorChain.proceed(RealInterceptorChain.java:121)\r\n\tat org.openqa.selenium.remote.internal.OkHttpClient$Factory$1.lambda$createClient$1(OkHttpClient.java:152)\r\n\tat okhttp3.internal.http.RealInterceptorChain.proceed(RealInterceptorChain.java:147)\r\n\tat okhttp3.internal.connection.ConnectInterceptor.intercept(ConnectInterceptor.java:45)\r\n\tat okhttp3.internal.http.RealInterceptorChain.proceed(RealInterceptorChain.java:147)\r\n\tat okhttp3.internal.http.RealInterceptorChain.proceed(RealInterceptorChain.java:121)\r\n\tat okhttp3.internal.cache.CacheInterceptor.intercept(CacheInterceptor.java:93)\r\n\tat okhttp3.internal.http.RealInterceptorChain.proceed(RealInterceptorChain.java:147)\r\n\tat okhttp3.internal.http.RealInterceptorChain.proceed(RealInterceptorChain.java:121)\r\n\tat okhttp3.internal.http.BridgeInterceptor.intercept(BridgeInterceptor.java:93)\r\n\tat okhttp3.internal.http.RealInterceptorChain.proceed(RealInterceptorChain.java:147)\r\n\tat okhttp3.internal.http.RetryAndFollowUpInterceptor.intercept(RetryAndFollowUpInterceptor.java:126)\r\n\tat okhttp3.internal.http.RealInterceptorChain.proceed(RealInterceptorChain.java:147)\r\n\tat okhttp3.internal.http.RealInterceptorChain.proceed(RealInterceptorChain.java:121)\r\n\tat okhttp3.RealCall.getResponseWithInterceptorChain(RealCall.java:200)\r\n\tat okhttp3.RealCall.execute(RealCall.java:77)\r\n\tat org.openqa.selenium.remote.internal.OkHttpClient.execute(OkHttpClient.java:103)\r\n\tat org.openqa.selenium.remote.HttpCommandExecutor.execute(HttpCommandExecutor.java:155)\r\n\tat org.openqa.selenium.remote.service.DriverCommandExecutor.execute(DriverCommandExecutor.java:83)\r\n\t... 51 more\r\n"},"stage":"finished","steps":[],"attachments":[],"parameters":[{"name":"remote","value":"false"},{"name":"browser","value":"firefox"}],"start":1660067885519,"stop":1660067985879}