<?xml version="1.0" encoding="UTF-8"?>
<!-- Generated by org.testng.reporters.JUnitReportReporter -->
<testsuite hostname="DESKTOP-HPIDB9I" failures="4" tests="16" name="com.it_academy.ui_tests.testNg.OnlinerCatalogPageTest" time="231.877" errors="0" timestamp="2022-08-10T15:15:52 MSK" skipped="0">
  <testcase classname="com.it_academy.ui_tests.testNg.OnlinerCatalogPageTest" name="testIsItemFromHorizontalListVisible" time="4.958"/>
  <system-out/>
  <testcase classname="com.it_academy.ui_tests.testNg.OnlinerCatalogPageTest" name="testIsItemFromHorizontalListVisible" time="4.174"/>
  <system-out/>
  <testcase classname="com.it_academy.ui_tests.testNg.OnlinerCatalogPageTest" name="testIsItemFromHorizontalListVisible" time="3.186"/>
  <system-out/>
  <testcase classname="com.it_academy.ui_tests.testNg.OnlinerCatalogPageTest" name="testIsItemFromHorizontalListVisible" time="3.087"/>
  <system-out/>
  <testcase classname="com.it_academy.ui_tests.testNg.OnlinerCatalogPageTest" name="testIsItemFromVerticalListVisible" time="10.698">
    <failure message="Element not found {$$(22 elements).findBy(text &#039;fhhjmm&#039;)}
Expected: visible or transparent: visible or have css value opacity=0
Screenshot: file:/C:/Users/Final_AQA_Progect/build/reports/tests/1660133739371.2.png
Page source: file:/C:/Users/Final_AQA_Progect/build/reports/tests/1660133739371.2.html
Timeout: 4 s.
Caused by: Element not found {$$(22 elements).findBy(text &#039;fhhjmm&#039;)}
Expected: text &#039;fhhjmm&#039;
Timeout: 0 ms." type="com.codeborne.selenide.ex.ElementNotFound">
      <![CDATA[Element not found {$$(22 elements).findBy(text 'fhhjmm')}
Expected: visible or transparent: visible or have css value opacity=0
Screenshot: file:/C:/Users/Final_AQA_Progect/build/reports/tests/1660133739371.2.png
Page source: file:/C:/Users/Final_AQA_Progect/build/reports/tests/1660133739371.2.html
Timeout: 4 s.
Caused by: Element not found {$$(22 elements).findBy(text 'fhhjmm')}
Expected: text 'fhhjmm'
Timeout: 0 ms.
at com.codeborne.selenide.impl.WebElementSource.createElementNotFoundError(WebElementSource.java:83)
at com.codeborne.selenide.impl.WebElementSource.checkCondition(WebElementSource.java:114)
at com.codeborne.selenide.impl.WebElementSource.findAndAssertElementIsInteractable(WebElementSource.java:139)
at com.codeborne.selenide.commands.Click.execute(Click.java:24)
at com.codeborne.selenide.commands.Click.execute(Click.java:16)
at com.codeborne.selenide.commands.Commands.execute(Commands.java:155)
at com.codeborne.selenide.impl.SelenideElementProxy.dispatchAndRetry(SelenideElementProxy.java:133)
at com.codeborne.selenide.impl.SelenideElementProxy.invoke(SelenideElementProxy.java:85)
at com.sun.proxy.$Proxy16.click(Unknown Source)
at com.it_academy.ui_tests.OnlinerCatalogPage.crossToCategoryFromCatalog(OnlinerCatalogPage.java:25)
at com.it_academy.ui_tests.testNg.OnlinerCatalogPageTest.testIsItemFromVerticalListVisible(OnlinerCatalogPageTest.java:38)
at java.base/jdk.internal.reflect.NativeMethodAccessorImpl.invoke0(Native Method)
at java.base/jdk.internal.reflect.NativeMethodAccessorImpl.invoke(NativeMethodAccessorImpl.java:62)
at java.base/jdk.internal.reflect.DelegatingMethodAccessorImpl.invoke(DelegatingMethodAccessorImpl.java:43)
at java.base/java.lang.reflect.Method.invoke(Method.java:566)
at org.testng.internal.MethodInvocationHelper.invokeMethod(MethodInvocationHelper.java:133)
at org.testng.internal.TestInvoker.invokeMethod(TestInvoker.java:598)
at org.testng.internal.TestInvoker.invokeTestMethod(TestInvoker.java:173)
at org.testng.internal.MethodRunner.runInSequence(MethodRunner.java:46)
at org.testng.internal.TestInvoker$MethodInvocationAgent.invoke(TestInvoker.java:824)
at org.testng.internal.TestInvoker.invokeTestMethods(TestInvoker.java:146)
at org.testng.internal.TestMethodWorker.invokeTestMethods(TestMethodWorker.java:146)
at org.testng.internal.TestMethodWorker.run(TestMethodWorker.java:128)
at java.base/java.util.ArrayList.forEach(ArrayList.java:1541)
at org.testng.TestRunner.privateRun(TestRunner.java:794)
at org.testng.TestRunner.run(TestRunner.java:596)
at org.testng.SuiteRunner.runTest(SuiteRunner.java:377)
at org.testng.SuiteRunner.runSequentially(SuiteRunner.java:371)
at org.testng.SuiteRunner.privateRun(SuiteRunner.java:332)
at org.testng.SuiteRunner.run(SuiteRunner.java:276)
at org.testng.SuiteRunnerWorker.runSuite(SuiteRunnerWorker.java:53)
at org.testng.SuiteRunnerWorker.run(SuiteRunnerWorker.java:96)
at org.testng.TestNG.runSuitesSequentially(TestNG.java:1212)
at org.testng.TestNG.runSuitesLocally(TestNG.java:1134)
at org.testng.TestNG.runSuites(TestNG.java:1063)
at org.testng.TestNG.run(TestNG.java:1031)
at org.apache.maven.surefire.testng.TestNGExecutor.run(TestNGExecutor.java:135)
at org.apache.maven.surefire.testng.TestNGDirectoryTestSuite.executeSingleClass(TestNGDirectoryTestSuite.java:112)
at org.apache.maven.surefire.testng.TestNGDirectoryTestSuite.execute(TestNGDirectoryTestSuite.java:99)
at org.apache.maven.surefire.testng.TestNGProvider.invoke(TestNGProvider.java:146)
at org.apache.maven.surefire.booter.ForkedBooter.invokeProviderInSameClassLoader(ForkedBooter.java:384)
at org.apache.maven.surefire.booter.ForkedBooter.runSuitesInProcess(ForkedBooter.java:345)
at org.apache.maven.surefire.booter.ForkedBooter.execute(ForkedBooter.java:126)
at org.apache.maven.surefire.booter.ForkedBooter.main(ForkedBooter.java:418)
Caused by: Element not found {$$(22 elements).findBy(text 'fhhjmm')}
Expected: text 'fhhjmm'
Timeout: 0 ms.
at com.codeborne.selenide.impl.CollectionElementByCondition.getWebElement(CollectionElementByCondition.java:53)
at com.codeborne.selenide.impl.WebElementSource.checkCondition(WebElementSource.java:99)
... 42 more
]]>
    </failure>
  </testcase> <!-- testIsItemFromVerticalListVisible -->
  <system-out/>
  <testcase classname="com.it_academy.ui_tests.testNg.OnlinerCatalogPageTest" name="testAssertThatAllItemsQuantityVisible" time="59.679"/>
  <system-out/>
  <testcase classname="com.it_academy.ui_tests.testNg.OnlinerCatalogPageTest" name="testAssertThatAllItemsTitlesVisible" time="43.344"/>
  <system-out/>
  <testcase classname="com.it_academy.ui_tests.testNg.OnlinerCatalogPageTest" name="testIsItemFromHorizontalListVisible" time="4.083"/>
  <system-out/>
  <testcase classname="com.it_academy.ui_tests.testNg.OnlinerCatalogPageTest" name="testIsItemFromVerticalListVisible" time="11.249">
    <failure message="Element not found {$$(22 elements).findBy(text &#039;fhhjmm&#039;)}
Expected: visible or transparent: visible or have css value opacity=0
Screenshot: file:/C:/Users/Final_AQA_Progect/build/reports/tests/1660133728311.1.png
Page source: file:/C:/Users/Final_AQA_Progect/build/reports/tests/1660133728311.1.html
Timeout: 4 s.
Caused by: Element not found {$$(22 elements).findBy(text &#039;fhhjmm&#039;)}
Expected: text &#039;fhhjmm&#039;
Timeout: 0 ms." type="com.codeborne.selenide.ex.ElementNotFound">
      <![CDATA[Element not found {$$(22 elements).findBy(text 'fhhjmm')}
Expected: visible or transparent: visible or have css value opacity=0
Screenshot: file:/C:/Users/Final_AQA_Progect/build/reports/tests/1660133728311.1.png
Page source: file:/C:/Users/Final_AQA_Progect/build/reports/tests/1660133728311.1.html
Timeout: 4 s.
Caused by: Element not found {$$(22 elements).findBy(text 'fhhjmm')}
Expected: text 'fhhjmm'
Timeout: 0 ms.
at com.codeborne.selenide.impl.WebElementSource.createElementNotFoundError(WebElementSource.java:83)
at com.codeborne.selenide.impl.WebElementSource.checkCondition(WebElementSource.java:114)
at com.codeborne.selenide.impl.WebElementSource.findAndAssertElementIsInteractable(WebElementSource.java:139)
at com.codeborne.selenide.commands.Click.execute(Click.java:24)
at com.codeborne.selenide.commands.Click.execute(Click.java:16)
at com.codeborne.selenide.commands.Commands.execute(Commands.java:155)
at com.codeborne.selenide.impl.SelenideElementProxy.dispatchAndRetry(SelenideElementProxy.java:133)
at com.codeborne.selenide.impl.SelenideElementProxy.invoke(SelenideElementProxy.java:85)
at com.sun.proxy.$Proxy16.click(Unknown Source)
at com.it_academy.ui_tests.OnlinerCatalogPage.crossToCategoryFromCatalog(OnlinerCatalogPage.java:25)
at com.it_academy.ui_tests.testNg.OnlinerCatalogPageTest.testIsItemFromVerticalListVisible(OnlinerCatalogPageTest.java:38)
at java.base/jdk.internal.reflect.NativeMethodAccessorImpl.invoke0(Native Method)
at java.base/jdk.internal.reflect.NativeMethodAccessorImpl.invoke(NativeMethodAccessorImpl.java:62)
at java.base/jdk.internal.reflect.DelegatingMethodAccessorImpl.invoke(DelegatingMethodAccessorImpl.java:43)
at java.base/java.lang.reflect.Method.invoke(Method.java:566)
at org.testng.internal.MethodInvocationHelper.invokeMethod(MethodInvocationHelper.java:133)
at org.testng.internal.TestInvoker.invokeMethod(TestInvoker.java:598)
at org.testng.internal.TestInvoker.invokeTestMethod(TestInvoker.java:173)
at org.testng.internal.MethodRunner.runInSequence(MethodRunner.java:46)
at org.testng.internal.TestInvoker$MethodInvocationAgent.invoke(TestInvoker.java:824)
at org.testng.internal.TestInvoker.invokeTestMethods(TestInvoker.java:146)
at org.testng.internal.TestMethodWorker.invokeTestMethods(TestMethodWorker.java:146)
at org.testng.internal.TestMethodWorker.run(TestMethodWorker.java:128)
at java.base/java.util.ArrayList.forEach(ArrayList.java:1541)
at org.testng.TestRunner.privateRun(TestRunner.java:794)
at org.testng.TestRunner.run(TestRunner.java:596)
at org.testng.SuiteRunner.runTest(SuiteRunner.java:377)
at org.testng.SuiteRunner.runSequentially(SuiteRunner.java:371)
at org.testng.SuiteRunner.privateRun(SuiteRunner.java:332)
at org.testng.SuiteRunner.run(SuiteRunner.java:276)
at org.testng.SuiteRunnerWorker.runSuite(SuiteRunnerWorker.java:53)
at org.testng.SuiteRunnerWorker.run(SuiteRunnerWorker.java:96)
at org.testng.TestNG.runSuitesSequentially(TestNG.java:1212)
at org.testng.TestNG.runSuitesLocally(TestNG.java:1134)
at org.testng.TestNG.runSuites(TestNG.java:1063)
at org.testng.TestNG.run(TestNG.java:1031)
at org.apache.maven.surefire.testng.TestNGExecutor.run(TestNGExecutor.java:135)
at org.apache.maven.surefire.testng.TestNGDirectoryTestSuite.executeSingleClass(TestNGDirectoryTestSuite.java:112)
at org.apache.maven.surefire.testng.TestNGDirectoryTestSuite.execute(TestNGDirectoryTestSuite.java:99)
at org.apache.maven.surefire.testng.TestNGProvider.invoke(TestNGProvider.java:146)
at org.apache.maven.surefire.booter.ForkedBooter.invokeProviderInSameClassLoader(ForkedBooter.java:384)
at org.apache.maven.surefire.booter.ForkedBooter.runSuitesInProcess(ForkedBooter.java:345)
at org.apache.maven.surefire.booter.ForkedBooter.execute(ForkedBooter.java:126)
at org.apache.maven.surefire.booter.ForkedBooter.main(ForkedBooter.java:418)
Caused by: Element not found {$$(22 elements).findBy(text 'fhhjmm')}
Expected: text 'fhhjmm'
Timeout: 0 ms.
at com.codeborne.selenide.impl.CollectionElementByCondition.getWebElement(CollectionElementByCondition.java:53)
at com.codeborne.selenide.impl.WebElementSource.checkCondition(WebElementSource.java:99)
... 42 more
]]>
    </failure>
  </testcase> <!-- testIsItemFromVerticalListVisible -->
  <system-out/>
  <testcase classname="com.it_academy.ui_tests.testNg.OnlinerCatalogPageTest" name="testAssertThatAllItemsMinPriceVisible" time="47.675"/>
  <system-out/>
  <testcase classname="com.it_academy.ui_tests.testNg.OnlinerCatalogPageTest" name="testIsItemFromHorizontalListVisible" time="4.766"/>
  <system-out/>
  <testcase classname="com.it_academy.ui_tests.testNg.OnlinerCatalogPageTest" name="testIsItemFromHorizontalListVisible" time="5.488"/>
  <system-out/>
  <testcase classname="com.it_academy.ui_tests.testNg.OnlinerCatalogPageTest" name="testIsItemFromHorizontalListVisible" time="4.991"/>
  <system-out/>
  <testcase classname="com.it_academy.ui_tests.testNg.OnlinerCatalogPageTest" name="testIsItemFromVerticalListVisible" time="10.837">
    <failure message="Element not found {$$(22 elements).findBy(text &#039;fhhjmm&#039;)}
Expected: visible or transparent: visible or have css value opacity=0
Screenshot: file:/C:/Users/Final_AQA_Progect/build/reports/tests/1660133750625.3.png
Page source: file:/C:/Users/Final_AQA_Progect/build/reports/tests/1660133750625.3.html
Timeout: 4 s.
Caused by: Element not found {$$(22 elements).findBy(text &#039;fhhjmm&#039;)}
Expected: text &#039;fhhjmm&#039;
Timeout: 0 ms." type="com.codeborne.selenide.ex.ElementNotFound">
      <![CDATA[Element not found {$$(22 elements).findBy(text 'fhhjmm')}
Expected: visible or transparent: visible or have css value opacity=0
Screenshot: file:/C:/Users/Final_AQA_Progect/build/reports/tests/1660133750625.3.png
Page source: file:/C:/Users/Final_AQA_Progect/build/reports/tests/1660133750625.3.html
Timeout: 4 s.
Caused by: Element not found {$$(22 elements).findBy(text 'fhhjmm')}
Expected: text 'fhhjmm'
Timeout: 0 ms.
at com.codeborne.selenide.impl.WebElementSource.createElementNotFoundError(WebElementSource.java:83)
at com.codeborne.selenide.impl.WebElementSource.checkCondition(WebElementSource.java:114)
at com.codeborne.selenide.impl.WebElementSource.findAndAssertElementIsInteractable(WebElementSource.java:139)
at com.codeborne.selenide.commands.Click.execute(Click.java:24)
at com.codeborne.selenide.commands.Click.execute(Click.java:16)
at com.codeborne.selenide.commands.Commands.execute(Commands.java:155)
at com.codeborne.selenide.impl.SelenideElementProxy.dispatchAndRetry(SelenideElementProxy.java:133)
at com.codeborne.selenide.impl.SelenideElementProxy.invoke(SelenideElementProxy.java:85)
at com.sun.proxy.$Proxy16.click(Unknown Source)
at com.it_academy.ui_tests.OnlinerCatalogPage.crossToCategoryFromCatalog(OnlinerCatalogPage.java:25)
at com.it_academy.ui_tests.testNg.OnlinerCatalogPageTest.testIsItemFromVerticalListVisible(OnlinerCatalogPageTest.java:38)
at java.base/jdk.internal.reflect.NativeMethodAccessorImpl.invoke0(Native Method)
at java.base/jdk.internal.reflect.NativeMethodAccessorImpl.invoke(NativeMethodAccessorImpl.java:62)
at java.base/jdk.internal.reflect.DelegatingMethodAccessorImpl.invoke(DelegatingMethodAccessorImpl.java:43)
at java.base/java.lang.reflect.Method.invoke(Method.java:566)
at org.testng.internal.MethodInvocationHelper.invokeMethod(MethodInvocationHelper.java:133)
at org.testng.internal.TestInvoker.invokeMethod(TestInvoker.java:598)
at org.testng.internal.TestInvoker.invokeTestMethod(TestInvoker.java:173)
at org.testng.internal.MethodRunner.runInSequence(MethodRunner.java:46)
at org.testng.internal.TestInvoker$MethodInvocationAgent.invoke(TestInvoker.java:824)
at org.testng.internal.TestInvoker.invokeTestMethods(TestInvoker.java:146)
at org.testng.internal.TestMethodWorker.invokeTestMethods(TestMethodWorker.java:146)
at org.testng.internal.TestMethodWorker.run(TestMethodWorker.java:128)
at java.base/java.util.ArrayList.forEach(ArrayList.java:1541)
at org.testng.TestRunner.privateRun(TestRunner.java:794)
at org.testng.TestRunner.run(TestRunner.java:596)
at org.testng.SuiteRunner.runTest(SuiteRunner.java:377)
at org.testng.SuiteRunner.runSequentially(SuiteRunner.java:371)
at org.testng.SuiteRunner.privateRun(SuiteRunner.java:332)
at org.testng.SuiteRunner.run(SuiteRunner.java:276)
at org.testng.SuiteRunnerWorker.runSuite(SuiteRunnerWorker.java:53)
at org.testng.SuiteRunnerWorker.run(SuiteRunnerWorker.java:96)
at org.testng.TestNG.runSuitesSequentially(TestNG.java:1212)
at org.testng.TestNG.runSuitesLocally(TestNG.java:1134)
at org.testng.TestNG.runSuites(TestNG.java:1063)
at org.testng.TestNG.run(TestNG.java:1031)
at org.apache.maven.surefire.testng.TestNGExecutor.run(TestNGExecutor.java:135)
at org.apache.maven.surefire.testng.TestNGDirectoryTestSuite.executeSingleClass(TestNGDirectoryTestSuite.java:112)
at org.apache.maven.surefire.testng.TestNGDirectoryTestSuite.execute(TestNGDirectoryTestSuite.java:99)
at org.apache.maven.surefire.testng.TestNGProvider.invoke(TestNGProvider.java:146)
at org.apache.maven.surefire.booter.ForkedBooter.invokeProviderInSameClassLoader(ForkedBooter.java:384)
at org.apache.maven.surefire.booter.ForkedBooter.runSuitesInProcess(ForkedBooter.java:345)
at org.apache.maven.surefire.booter.ForkedBooter.execute(ForkedBooter.java:126)
at org.apache.maven.surefire.booter.ForkedBooter.main(ForkedBooter.java:418)
Caused by: Element not found {$$(22 elements).findBy(text 'fhhjmm')}
Expected: text 'fhhjmm'
Timeout: 0 ms.
at com.codeborne.selenide.impl.CollectionElementByCondition.getWebElement(CollectionElementByCondition.java:53)
at com.codeborne.selenide.impl.WebElementSource.checkCondition(WebElementSource.java:99)
... 42 more
]]>
    </failure>
  </testcase> <!-- testIsItemFromVerticalListVisible -->
  <system-out/>
  <testcase classname="com.it_academy.ui_tests.testNg.OnlinerCatalogPageTest" name="testIsItemFromVerticalListVisible" time="10.667">
    <failure message="Element not found {$$(22 elements).findBy(text &#039;fhhjmm&#039;)}
Expected: visible or transparent: visible or have css value opacity=0
Screenshot: file:/C:/Users/Final_AQA_Progect/build/reports/tests/1660133716538.0.png
Page source: file:/C:/Users/Final_AQA_Progect/build/reports/tests/1660133716538.0.html
Timeout: 4 s.
Caused by: Element not found {$$(22 elements).findBy(text &#039;fhhjmm&#039;)}
Expected: text &#039;fhhjmm&#039;
Timeout: 0 ms." type="com.codeborne.selenide.ex.ElementNotFound">
      <![CDATA[Element not found {$$(22 elements).findBy(text 'fhhjmm')}
Expected: visible or transparent: visible or have css value opacity=0
Screenshot: file:/C:/Users/Final_AQA_Progect/build/reports/tests/1660133716538.0.png
Page source: file:/C:/Users/Final_AQA_Progect/build/reports/tests/1660133716538.0.html
Timeout: 4 s.
Caused by: Element not found {$$(22 elements).findBy(text 'fhhjmm')}
Expected: text 'fhhjmm'
Timeout: 0 ms.
at com.codeborne.selenide.impl.WebElementSource.createElementNotFoundError(WebElementSource.java:83)
at com.codeborne.selenide.impl.WebElementSource.checkCondition(WebElementSource.java:114)
at com.codeborne.selenide.impl.WebElementSource.findAndAssertElementIsInteractable(WebElementSource.java:139)
at com.codeborne.selenide.commands.Click.execute(Click.java:24)
at com.codeborne.selenide.commands.Click.execute(Click.java:16)
at com.codeborne.selenide.commands.Commands.execute(Commands.java:155)
at com.codeborne.selenide.impl.SelenideElementProxy.dispatchAndRetry(SelenideElementProxy.java:133)
at com.codeborne.selenide.impl.SelenideElementProxy.invoke(SelenideElementProxy.java:85)
at com.sun.proxy.$Proxy16.click(Unknown Source)
at com.it_academy.ui_tests.OnlinerCatalogPage.crossToCategoryFromCatalog(OnlinerCatalogPage.java:25)
at com.it_academy.ui_tests.testNg.OnlinerCatalogPageTest.testIsItemFromVerticalListVisible(OnlinerCatalogPageTest.java:38)
at java.base/jdk.internal.reflect.NativeMethodAccessorImpl.invoke0(Native Method)
at java.base/jdk.internal.reflect.NativeMethodAccessorImpl.invoke(NativeMethodAccessorImpl.java:62)
at java.base/jdk.internal.reflect.DelegatingMethodAccessorImpl.invoke(DelegatingMethodAccessorImpl.java:43)
at java.base/java.lang.reflect.Method.invoke(Method.java:566)
at org.testng.internal.MethodInvocationHelper.invokeMethod(MethodInvocationHelper.java:133)
at org.testng.internal.TestInvoker.invokeMethod(TestInvoker.java:598)
at org.testng.internal.TestInvoker.invokeTestMethod(TestInvoker.java:173)
at org.testng.internal.MethodRunner.runInSequence(MethodRunner.java:46)
at org.testng.internal.TestInvoker$MethodInvocationAgent.invoke(TestInvoker.java:824)
at org.testng.internal.TestInvoker.invokeTestMethods(TestInvoker.java:146)
at org.testng.internal.TestMethodWorker.invokeTestMethods(TestMethodWorker.java:146)
at org.testng.internal.TestMethodWorker.run(TestMethodWorker.java:128)
at java.base/java.util.ArrayList.forEach(ArrayList.java:1541)
at org.testng.TestRunner.privateRun(TestRunner.java:794)
at org.testng.TestRunner.run(TestRunner.java:596)
at org.testng.SuiteRunner.runTest(SuiteRunner.java:377)
at org.testng.SuiteRunner.runSequentially(SuiteRunner.java:371)
at org.testng.SuiteRunner.privateRun(SuiteRunner.java:332)
at org.testng.SuiteRunner.run(SuiteRunner.java:276)
at org.testng.SuiteRunnerWorker.runSuite(SuiteRunnerWorker.java:53)
at org.testng.SuiteRunnerWorker.run(SuiteRunnerWorker.java:96)
at org.testng.TestNG.runSuitesSequentially(TestNG.java:1212)
at org.testng.TestNG.runSuitesLocally(TestNG.java:1134)
at org.testng.TestNG.runSuites(TestNG.java:1063)
at org.testng.TestNG.run(TestNG.java:1031)
at org.apache.maven.surefire.testng.TestNGExecutor.run(TestNGExecutor.java:135)
at org.apache.maven.surefire.testng.TestNGDirectoryTestSuite.executeSingleClass(TestNGDirectoryTestSuite.java:112)
at org.apache.maven.surefire.testng.TestNGDirectoryTestSuite.execute(TestNGDirectoryTestSuite.java:99)
at org.apache.maven.surefire.testng.TestNGProvider.invoke(TestNGProvider.java:146)
at org.apache.maven.surefire.booter.ForkedBooter.invokeProviderInSameClassLoader(ForkedBooter.java:384)
at org.apache.maven.surefire.booter.ForkedBooter.runSuitesInProcess(ForkedBooter.java:345)
at org.apache.maven.surefire.booter.ForkedBooter.execute(ForkedBooter.java:126)
at org.apache.maven.surefire.booter.ForkedBooter.main(ForkedBooter.java:418)
Caused by: Element not found {$$(22 elements).findBy(text 'fhhjmm')}
Expected: text 'fhhjmm'
Timeout: 0 ms.
at com.codeborne.selenide.impl.CollectionElementByCondition.getWebElement(CollectionElementByCondition.java:53)
at com.codeborne.selenide.impl.WebElementSource.checkCondition(WebElementSource.java:99)
... 42 more
]]>
    </failure>
  </testcase> <!-- testIsItemFromVerticalListVisible -->
  <system-out/>
  <testcase classname="com.it_academy.ui_tests.testNg.OnlinerCatalogPageTest" name="testIsItemFromHorizontalListVisible" time="2.995"/>
  <system-out/>
</testsuite> <!-- com.it_academy.ui_tests.testNg.OnlinerCatalogPageTest -->
